INFO Logging subsystem initialized.
INFO Logging subsystem initialized.
INFO dEngine started.
INFO Initializing application...
INFO Application initialized.
INFO Logging subsystem initialized.
INFO dEngine started.
INFO Initializing application...
INFO Application initialized.
INFO Logging subsystem initialized.
INFO dEngine started.
INFO Initializing application...
INFO Application initialized.
INFO Logging subsystem initialized.
INFO dEngine started.
INFO Initializing application...
INFO Application initialized.
INFO Logging subsystem initialized.
INFO Initializing graphics subsystem...
INFO Graphics subsystem initialized.
INFO dEngine started.
INFO Initializing application...
INFO Application initialized.
INFO Logging subsystem initialized.
INFO Initializing graphics subsystem...
FATAL Failed to initialize graphics subsystem.
INFO Logging subsystem initialized.
INFO Initializing graphics subsystem...
FATAL Failed to initialize graphics subsystem.
INFO Logging subsystem initialized.
INFO Initializing graphics subsystem...
INFO Graphics subsystem initialized.
INFO dEngine started.
INFO Initializing application...
INFO Application initialized.
INFO Logging subsystem initialized.
INFO Initializing graphics subsystem...
INFO Graphics subsystem initialized.
INFO dEngine started.
INFO Initializing application...
INFO Application initialized.
INFO Logging subsystem initialized.
INFO Initializing graphics subsystem...
INFO Graphics subsystem initialized.
INFO dEngine started.
INFO Initializing application...
INFO Application initialized.
INFO Logging subsystem initialized.
INFO Initializing graphics subsystem...
INFO Graphics subsystem initialized.
INFO dEngine started.
INFO Initializing application...
INFO Application initialized.
INFO Logging subsystem initialized.
INFO Initializing graphics subsystem...
INFO Graphics subsystem initialized.
INFO dEngine started.
INFO Initializing application...
INFO Application initialized.
INFO Logging subsystem initialized.
INFO Initializing graphics subsystem...
INFO Graphics subsystem initialized.
INFO dEngine started.
INFO Initializing application...
INFO Application initialized.
INFO Logging subsystem initialized.
INFO Initializing graphics subsystem...
INFO Graphics subsystem initialized.
INFO dEngine started.
INFO Initializing application...
INFO Application initialized.
INFO Logging subsystem initialized.
INFO Initializing graphics subsystem...
INFO Graphics subsystem initialized.
INFO dEngine started.
INFO Initializing application...
INFO Application initialized.
INFO Logging subsystem initialized.
INFO Initializing graphics subsystem...
INFO Graphics subsystem initialized.
INFO dEngine started.
INFO Initializing application...
INFO Application initialized.
INFO Shutting down dEngine...
INFO Goodbye.
INFO Logging subsystem initialized.
INFO Initializing graphics subsystem...
INFO Graphics subsystem initialized.
INFO dEngine started.
INFO Initializing application...
INFO Application initialized.
INFO Shutting down dEngine...
INFO Goodbye.
INFO Logging subsystem initialized.
INFO Initializing graphics subsystem...
INFO Graphics subsystem initialized.
INFO dEngine started.
INFO Initializing application...
INFO Application initialized.
INFO Shutting down dEngine...
INFO Goodbye.
INFO Logging subsystem initialized.
INFO Initializing graphics subsystem...
INFO Graphics subsystem initialized.
INFO dEngine started.
INFO Initializing application...
INFO Application initialized.
INFO Shutting down dEngine...
INFO Goodbye.
INFO Logging subsystem initialized.
INFO Initializing graphics subsystem...
INFO Graphics subsystem initialized.
INFO dEngine started.
INFO Initializing application...
INFO Application initialized.
INFO Shutting down dEngine...
INFO Goodbye.
INFO Logging subsystem initialized.
INFO Initializing graphics subsystem...
INFO Graphics subsystem initialized.
INFO dEngine started.
INFO Initializing application...
INFO Application initialized.
INFO Shutting down dEngine...
INFO Goodbye.
INFO Logging subsystem initialized.
INFO Initializing graphics subsystem...
INFO Graphics subsystem initialized.
INFO dEngine started.
INFO Initializing application...
INFO Application initialized.
INFO Shutting down dEngine...
INFO Goodbye.
INFO Logging subsystem initialized.
INFO Initializing graphics subsystem...
INFO Graphics subsystem initialized.
INFO dEngine started.
INFO Initializing application...
INFO Application initialized.
INFO Shutting down dEngine...
INFO Goodbye.
INFO Logging subsystem initialized.
INFO Initializing graphics subsystem...
INFO Graphics subsystem initialized.
INFO dEngine started.
INFO Initializing application...
INFO Application initialized.
INFO Shutting down dEngine...
INFO Goodbye.
INFO Logging subsystem initialized.
INFO Initializing graphics subsystem...
INFO Graphics subsystem initialized.
INFO dEngine started.
INFO Initializing application...
INFO Application initialized.
INFO Shutting down dEngine...
INFO Goodbye.
INFO Logging subsystem initialized.
INFO Initializing graphics subsystem...
INFO Graphics subsystem initialized.
INFO dEngine started.
INFO Initializing application...
INFO Application initialized.
INFO Shutting down dEngine...
INFO Goodbye.
INFO Logging subsystem initialized.
INFO Initializing graphics subsystem...
INFO Graphics subsystem initialized.
INFO dEngine started.
INFO Initializing application...
INFO Application initialized.
INFO Shutting down dEngine...
INFO Goodbye.
